<?xml version="1.0" encoding="UTF-8"?>
<!-- Generated by org.testng.reporters.JUnitReportReporter -->
<testsuite hostname="HW2211" name="example.NewTest" tests="1" failures="0" timestamp="17 Jan 2018 14:14:30 GMT" time="13.766" errors="0">
  <testcase name="f" time="13.766" classname="example.NewTest"/>
</testsuite> <!-- example.NewTest -->
